<?xml version="1.0" encoding="UTF-8"?>
<!-- Generated by org.testng.reporters.JUnitXMLReporter -->
<testsuite ignored="0" hostname="DESKTOP-VTN34JQ" failures="0" tests="3" name="Chrome Test" time="30.361" errors="0" timestamp="26 Nov. 2019 17:41:30 GMT">
  <testcase classname="com.newtour.testcase.MT_005" name="FindFlight" time="9.384"/>
  <testcase classname="com.newtour.testcase.MT_005" name="cruises" time="0.968"/>
  <testcase classname="com.newtour.testcase.MT_005" name="hotelReservation" time="0.653"/>
</testsuite> <!-- Chrome Test -->
