<?xml version="1.0" encoding="UTF-8"?>
<!-- Generated by org.testng.reporters.JUnitXMLReporter -->
<testsuite ignored="0" hostname="DESKTOP-VTN34JQ" failures="0" tests="3" name="fire Test" time="24.917" errors="0" timestamp="26 Nov. 2019 17:41:25 GMT">
  <testcase classname="com.newtour.testcase.MT_005" name="FindFlight" time="7.294"/>
  <testcase classname="com.newtour.testcase.MT_005" name="cruises" time="0.691"/>
  <testcase classname="com.newtour.testcase.MT_005" name="hotelReservation" time="0.491"/>
</testsuite> <!-- fire Test -->
