<?xml version="1.0" encoding="UTF-8"?>
<!-- Generated by org.testng.reporters.JUnitXMLReporter -->
<testsuite ignored="0" hostname="DESKTOP-VTN34JQ" failures="0" tests="4" name="chrome test" time="56.202" errors="0" timestamp="26 Nov 2019 17:34:43 GMT">
  <testcase classname="com.newtour.testcase.MT_003" name="cruises" time="1.189"/>
  <testcase classname="com.newtour.testcase.MT_004" name="hotelReservation" time="0.935"/>
  <testcase classname="com.newtour.testcase.MT_001" name="login" time="5.657"/>
  <testcase classname="com.newtour.testcase.MT_001" name="FindFlight" time="7.256"/>
</testsuite> <!-- chrome test -->
