<?xml version="1.0" encoding="UTF-8"?>
<!-- Generated by org.testng.reporters.JUnitXMLReporter -->
<testsuite ignored="0" hostname="DESKTOP-VTN34JQ" failures="0" tests="4" name="firefox test" time="45.266" errors="0" timestamp="26 Nov 2019 17:34:32 GMT">
  <testcase classname="com.newtour.testcase.MT_003" name="cruises" time="1.129"/>
  <testcase classname="com.newtour.testcase.MT_004" name="hotelReservation" time="0.632"/>
  <testcase classname="com.newtour.testcase.MT_001" name="login" time="5.309"/>
  <testcase classname="com.newtour.testcase.MT_001" name="FindFlight" time="7.007"/>
</testsuite> <!-- firefox test -->
